<?xml version="1.0" encoding="UTF-8"?>
<testsuite name="com.example.community.CommunityApplicationTests" tests="1" skipped="0" failures="0" errors="0" timestamp="2026-07-28T00:50:45.375Z" hostname="bagchaewon-ui-MacBookPro.local" time="0.255">
  <properties/>
  <testcase name="contextLoads()" classname="com.example.community.CommunityApplicationTests" time="0.255"/>
  <system-out><![CDATA[09:50:43.215 [Test worker] INFO org.springframework.test.context.support.AnnotationConfigContextLoaderUtils -- Could not detect default configuration classes for test class [com.example.community.CommunityApplicationTests]: CommunityApplicationTests does not declare any static, non-private, non-final, nested classes annotated with @Configuration.
09:50:43.260 [Test worker] INFO org.springframework.boot.test.context.SpringBootTestContextBootstrapper -- Found @SpringBootConfiguration com.example.community.CommunityApplication for test class com.example.community.CommunityApplicationTests

  .   ____          _            __ _ _
 /\\ / ___'_ __ _ _(_)_ __  __ _ \ \ \ \
( ( )\___ | '_ | '_| | '_ \/ _` | \ \ \ \
 \\/  ___)| |_)| | | | | || (_| |  ) ) ) )
  '  |____| .__|_| |_|_| |_\__, | / / / /
 =========|_|==============|___/=/_/_/_/

 :: Spring Boot ::               (v3.5.14)

2026-07-28T09:50:43.440+09:00  INFO 5432 --- [community] [    Test worker] c.e.community.CommunityApplicationTests  : Starting CommunityApplicationTests using Java 25.0.3 with PID 5432 (started by parkchaewon in /Users/parkchaewon/Desktop/backend/community)
2026-07-28T09:50:43.441+09:00  INFO 5432 --- [community] [    Test worker] c.e.community.CommunityApplicationTests  : No active profile set, falling back to 1 default profile: "default"
2026-07-28T09:50:43.780+09:00  INFO 5432 --- [community] [    Test worker] .s.d.r.c.RepositoryConfigurationDelegate : Bootstrapping Spring Data JPA repositories in DEFAULT mode.
2026-07-28T09:50:43.811+09:00  INFO 5432 --- [community] [    Test worker] .s.d.r.c.RepositoryConfigurationDelegate : Finished Spring Data repository scanning in 27 ms. Found 4 JPA repository interfaces.
2026-07-28T09:50:44.157+09:00  INFO 5432 --- [community] [    Test worker] o.hibernate.jpa.internal.util.LogHelper  : HHH000204: Processing PersistenceUnitInfo [name: default]
2026-07-28T09:50:44.179+09:00  INFO 5432 --- [community] [    Test worker] org.hibernate.Version                    : HHH000412: Hibernate ORM core version 6.6.49.Final
2026-07-28T09:50:44.200+09:00  INFO 5432 --- [community] [    Test worker] o.h.c.internal.RegionFactoryInitiator    : HHH000026: Second-level cache disabled
2026-07-28T09:50:44.336+09:00  INFO 5432 --- [community] [    Test worker] o.s.o.j.p.SpringPersistenceUnitInfo      : No LoadTimeWeaver setup: ignoring JPA class transformer
2026-07-28T09:50:44.348+09:00  INFO 5432 --- [community] [    Test worker] com.zaxxer.hikari.HikariDataSource       : HikariPool-1 - Starting...
2026-07-28T09:50:44.433+09:00  INFO 5432 --- [community] [    Test worker] com.zaxxer.hikari.pool.HikariPool        : HikariPool-1 - Added connection conn0: url=jdbc:h2:mem:community user=SA
2026-07-28T09:50:44.434+09:00  INFO 5432 --- [community] [    Test worker] com.zaxxer.hikari.HikariDataSource       : HikariPool-1 - Start completed.
2026-07-28T09:50:44.461+09:00  INFO 5432 --- [community] [    Test worker] org.hibernate.orm.connections.pooling    : HHH10001005: Database info:
	Database JDBC URL [Connecting through datasource 'HikariDataSource (HikariPool-1)']
	Database driver: undefined/unknown
	Database version: 2.3.232
	Autocommit mode: undefined/unknown
	Isolation level: undefined/unknown
	Minimum pool size: undefined/unknown
	Maximum pool size: undefined/unknown
2026-07-28T09:50:44.785+09:00  INFO 5432 --- [community] [    Test worker] o.h.e.t.j.p.i.JtaPlatformInitiator       : HHH000489: No JTA platform available (set 'hibernate.transaction.jta.platform' to enable JTA platform integration)
Hibernate: 
    drop table if exists comments cascade 
Hibernate: 
    drop table if exists post_likes cascade 
Hibernate: 
    drop table if exists posts cascade 
Hibernate: 
    drop table if exists users cascade 
Hibernate: 
    create table comments (
        id bigint generated by default as identity,
        post_id bigint,
        user_id bigint,
        content varchar(255),
        created_at varchar(255),
        primary key (id)
    )
Hibernate: 
    create table post_likes (
        id bigint generated by default as identity,
        post_id bigint,
        user_id bigint,
        primary key (id)
    )
Hibernate: 
    create table posts (
        view_count integer,
        id bigint generated by default as identity,
        user_id bigint,
        content varchar(255),
        created_at varchar(255),
        title varchar(255),
        image CLOB,
        primary key (id)
    )
Hibernate: 
    create table users (
        sunlight integer,
        id bigint generated by default as identity,
        email varchar(255),
        equipped_items varchar(255),
        nickname varchar(255),
        password varchar(255),
        purchased_items varchar(255),
        profile_image CLOB,
        primary key (id)
    )
2026-07-28T09:50:44.805+09:00  INFO 5432 --- [community] [    Test worker] j.LocalContainerEntityManagerFactoryBean : Initialized JPA EntityManagerFactory for persistence unit 'default'
2026-07-28T09:50:45.039+09:00  WARN 5432 --- [community] [    Test worker] JpaBaseConfiguration$JpaWebConfiguration : spring.jpa.open-in-view is enabled by default. Therefore, database queries may be performed during view rendering. Explicitly configure spring.jpa.open-in-view to disable this warning
2026-07-28T09:50:45.330+09:00  INFO 5432 --- [community] [    Test worker] o.s.b.a.h2.H2ConsoleAutoConfiguration    : H2 console available at '/h2-console'. Database available at 'jdbc:h2:mem:community'
2026-07-28T09:50:45.366+09:00  INFO 5432 --- [community] [    Test worker] c.e.community.CommunityApplicationTests  : Started CommunityApplicationTests in 2.043 seconds (process running for 2.576)
]]></system-out>
  <system-err><![CDATA[Mockito is currently self-attaching to enable the inline-mock-maker. This will no longer work in future releases of the JDK. Please add Mockito as an agent to your build as described in Mockito's documentation: https://javadoc.io/doc/org.mockito/mockito-core/latest/org.mockito/org/mockito/Mockito.html#0.3
WARNING: A Java agent has been loaded dynamically (/Users/parkchaewon/.gradle/caches/modules-2/files-2.1/net.bytebuddy/byte-buddy-agent/1.17.8/f09415827a71be7ed621c7bd02550678f28bc81c/byte-buddy-agent-1.17.8.jar)
WARNING: If a serviceability tool is in use, please run with -XX:+EnableDynamicAgentLoading to hide this warning
WARNING: If a serviceability tool is not in use, please run with -Djdk.instrument.traceUsage for more information
WARNING: Dynamic loading of agents will be disallowed by default in a future release
]]></system-err>
</testsuite>
