<?xml version="1.0" encoding="UTF-8"?>
<testsuite name="com.example.community.controller.UserControllerSecurityTest" tests="2" skipped="0" failures="0" errors="0" timestamp="2026-07-28T00:50:45.965Z" hostname="bagchaewon-ui-MacBookPro.local" time="0.138">
  <properties/>
  <testcase name="비밀번호 수정은 인증이 없으면 접근할 수 없다" classname="com.example.community.controller.UserControllerSecurityTest" time="0.024"/>
  <testcase name="비밀번호 수정은 인증된 현재 사용자로만 처리된다" classname="com.example.community.controller.UserControllerSecurityTest" time="0.113"/>
  <system-out><![CDATA[2026-07-28T09:50:45.636+09:00  INFO 5432 --- [community] [    Test worker] t.c.s.AnnotationConfigContextLoaderUtils : Could not detect default configuration classes for test class [com.example.community.controller.UserControllerSecurityTest]: UserControllerSecurityTest does not declare any static, non-private, non-final, nested classes annotated with @Configuration.
2026-07-28T09:50:45.648+09:00  INFO 5432 --- [community] [    Test worker] .b.t.c.SpringBootTestContextBootstrapper : Found @SpringBootConfiguration com.example.community.CommunityApplication for test class com.example.community.controller.UserControllerSecurityTest

  .   ____          _            __ _ _
 /\\ / ___'_ __ _ _(_)_ __  __ _ \ \ \ \
( ( )\___ | '_ | '_| | '_ \/ _` | \ \ \ \
 \\/  ___)| |_)| | | | | || (_| |  ) ) ) )
  '  |____| .__|_| |_|_| |_\__, | / / / /
 =========|_|==============|___/=/_/_/_/

 :: Spring Boot ::               (v3.5.14)

2026-07-28T09:50:45.664+09:00  INFO 5432 --- [community] [    Test worker] c.e.c.c.UserControllerSecurityTest       : Starting UserControllerSecurityTest using Java 25.0.3 with PID 5432 (started by parkchaewon in /Users/parkchaewon/Desktop/backend/community)
2026-07-28T09:50:45.664+09:00  INFO 5432 --- [community] [    Test worker] c.e.c.c.UserControllerSecurityTest       : No active profile set, falling back to 1 default profile: "default"
2026-07-28T09:50:45.953+09:00  INFO 5432 --- [community] [    Test worker] o.s.b.t.m.w.SpringBootMockServletContext : Initializing Spring TestDispatcherServlet ''
2026-07-28T09:50:45.954+09:00  INFO 5432 --- [community] [    Test worker] o.s.t.web.servlet.TestDispatcherServlet  : Initializing Servlet ''
2026-07-28T09:50:45.954+09:00  INFO 5432 --- [community] [    Test worker] o.s.t.web.servlet.TestDispatcherServlet  : Completed initialization in 0 ms
2026-07-28T09:50:45.962+09:00  INFO 5432 --- [community] [    Test worker] c.e.c.c.UserControllerSecurityTest       : Started UserControllerSecurityTest in 0.313 seconds (process running for 3.172)
]]></system-out>
  <system-err><![CDATA[]]></system-err>
</testsuite>
