<?xml version="1.0" encoding="UTF-8"?>
<testsuite name="com.example.community.repository.UserRepositoryTest" tests="3" skipped="0" failures="0" errors="0" timestamp="2026-07-28T00:50:46.389Z" hostname="bagchaewon-ui-MacBookPro.local" time="0.144">
  <properties/>
  <testcase name="회원 저장 시 id가 생성된다" classname="com.example.community.repository.UserRepositoryTest" time="0.051"/>
  <testcase name="존재하지 않는 이메일로 조회하면 빈 Optional을 반환한다" classname="com.example.community.repository.UserRepositoryTest" time="0.081"/>
  <testcase name="회원 저장 후 이메일로 회원을 조회할 수 있다" classname="com.example.community.repository.UserRepositoryTest" time="0.01"/>
  <system-out><![CDATA[2026-07-28T09:50:46.199+09:00  INFO 5432 --- [community] [    Test worker] t.c.s.AnnotationConfigContextLoaderUtils : Could not detect default configuration classes for test class [com.example.community.repository.UserRepositoryTest]: UserRepositoryTest does not declare any static, non-private, non-final, nested classes annotated with @Configuration.
2026-07-28T09:50:46.209+09:00  INFO 5432 --- [community] [    Test worker] .b.t.c.SpringBootTestContextBootstrapper : Found @SpringBootConfiguration com.example.community.CommunityApplication for test class com.example.community.repository.UserRepositoryTest

  .   ____          _            __ _ _
 /\\ / ___'_ __ _ _(_)_ __  __ _ \ \ \ \
( ( )\___ | '_ | '_| | '_ \/ _` | \ \ \ \
 \\/  ___)| |_)| | | | | || (_| |  ) ) ) )
  '  |____| .__|_| |_|_| |_\__, | / / / /
 =========|_|==============|___/=/_/_/_/

 :: Spring Boot ::               (v3.5.14)

2026-07-28T09:50:46.224+09:00  INFO 5432 --- [community] [    Test worker] c.e.c.repository.UserRepositoryTest      : Starting UserRepositoryTest using Java 25.0.3 with PID 5432 (started by parkchaewon in /Users/parkchaewon/Desktop/backend/community)
2026-07-28T09:50:46.224+09:00  INFO 5432 --- [community] [    Test worker] c.e.c.repository.UserRepositoryTest      : No active profile set, falling back to 1 default profile: "default"
2026-07-28T09:50:46.260+09:00  INFO 5432 --- [community] [    Test worker] .s.d.r.c.RepositoryConfigurationDelegate : Bootstrapping Spring Data JPA repositories in DEFAULT mode.
2026-07-28T09:50:46.268+09:00  INFO 5432 --- [community] [    Test worker] .s.d.r.c.RepositoryConfigurationDelegate : Finished Spring Data repository scanning in 6 ms. Found 4 JPA repository interfaces.
2026-07-28T09:50:46.275+09:00  INFO 5432 --- [community] [    Test worker] beddedDataSourceBeanFactoryPostProcessor : Replacing 'dataSource' DataSource bean with embedded version
2026-07-28T09:50:46.287+09:00  INFO 5432 --- [community] [    Test worker] o.s.j.d.e.EmbeddedDatabaseFactory        : Starting embedded database: url='jdbc:h2:mem:b5e04c6a-4518-4fe3-a09b-ba8670897d76;DB_CLOSE_DELAY=-1;DB_CLOSE_ON_EXIT=false', username='sa'
2026-07-28T09:50:46.301+09:00  INFO 5432 --- [community] [    Test worker] o.hibernate.jpa.internal.util.LogHelper  : HHH000204: Processing PersistenceUnitInfo [name: default]
2026-07-28T09:50:46.302+09:00  INFO 5432 --- [community] [    Test worker] o.h.c.internal.RegionFactoryInitiator    : HHH000026: Second-level cache disabled
2026-07-28T09:50:46.307+09:00  INFO 5432 --- [community] [    Test worker] o.s.o.j.p.SpringPersistenceUnitInfo      : No LoadTimeWeaver setup: ignoring JPA class transformer
2026-07-28T09:50:46.308+09:00  INFO 5432 --- [community] [    Test worker] org.hibernate.orm.connections.pooling    : HHH10001005: Database info:
	Database JDBC URL [Connecting through datasource 'org.springframework.jdbc.datasource.embedded.EmbeddedDatabaseFactory$EmbeddedDataSourceProxy@2680474c']
	Database driver: undefined/unknown
	Database version: 2.3.232
	Autocommit mode: undefined/unknown
	Isolation level: undefined/unknown
	Minimum pool size: undefined/unknown
	Maximum pool size: undefined/unknown
2026-07-28T09:50:46.339+09:00  INFO 5432 --- [community] [    Test worker] o.h.e.t.j.p.i.JtaPlatformInitiator       : HHH000489: No JTA platform available (set 'hibernate.transaction.jta.platform' to enable JTA platform integration)
Hibernate: 
    drop table if exists comments cascade 
Hibernate: 
    drop table if exists post_likes cascade 
Hibernate: 
    drop table if exists posts cascade 
Hibernate: 
    drop table if exists users cascade 
Hibernate: 
    create table comments (
        id bigint generated by default as identity,
        post_id bigint,
        user_id bigint,
        content varchar(255),
        created_at varchar(255),
        primary key (id)
    )
Hibernate: 
    create table post_likes (
        id bigint generated by default as identity,
        post_id bigint,
        user_id bigint,
        primary key (id)
    )
Hibernate: 
    create table posts (
        view_count integer,
        id bigint generated by default as identity,
        user_id bigint,
        content varchar(255),
        created_at varchar(255),
        title varchar(255),
        image CLOB,
        primary key (id)
    )
Hibernate: 
    create table users (
        sunlight integer,
        id bigint generated by default as identity,
        email varchar(255),
        equipped_items varchar(255),
        nickname varchar(255),
        password varchar(255),
        purchased_items varchar(255),
        profile_image CLOB,
        primary key (id)
    )
2026-07-28T09:50:46.344+09:00  INFO 5432 --- [community] [    Test worker] j.LocalContainerEntityManagerFactoryBean : Initialized JPA EntityManagerFactory for persistence unit 'default'
2026-07-28T09:50:46.389+09:00  INFO 5432 --- [community] [    Test worker] c.e.c.repository.UserRepositoryTest      : Started UserRepositoryTest in 0.177 seconds (process running for 3.598)
Hibernate: 
    insert 
    into
        users
        (email, equipped_items, nickname, password, profile_image, purchased_items, sunlight, id) 
    values
        (?, ?, ?, ?, ?, ?, ?, default)
Hibernate: 
    select
        u1_0.id,
        u1_0.email,
        u1_0.equipped_items,
        u1_0.nickname,
        u1_0.password,
        u1_0.profile_image,
        u1_0.purchased_items,
        u1_0.sunlight 
    from
        users u1_0 
    where
        u1_0.email=?
Hibernate: 
    insert 
    into
        users
        (email, equipped_items, nickname, password, profile_image, purchased_items, sunlight, id) 
    values
        (?, ?, ?, ?, ?, ?, ?, default)
Hibernate: 
    select
        u1_0.id,
        u1_0.email,
        u1_0.equipped_items,
        u1_0.nickname,
        u1_0.password,
        u1_0.profile_image,
        u1_0.purchased_items,
        u1_0.sunlight 
    from
        users u1_0 
    where
        u1_0.email=?
]]></system-out>
  <system-err><![CDATA[]]></system-err>
</testsuite>
